<?xml version="1.0" encoding="UTF-8"?>
<!-- Generated by org.testng.reporters.JUnitReportReporter -->
<testsuite hostname="Adeyemis-MacBook-Pro.local" failures="0" tests="1" name="swapTest.newTest" time="12.739" errors="0" timestamp="1 Sep 2021 01:41:01 GMT">
  <testcase classname="swapTest.newTest" name="testcase001_validateAttendeeList" time="12.739"/>
</testsuite> <!-- swapTest.newTest -->
